0 info it worked if it ends with ok
1 verbose cli [ '/usr/local/bin/node',
1 verbose cli   '/Users/johan/.npm-packages/bin/npm',
1 verbose cli   'start' ]
2 info using npm@3.8.2
3 info using node@v8.12.0
4 verbose run-script [ 'prestart', 'start', 'poststart' ]
5 info lifecycle baas@1.0.0~prestart: baas@1.0.0
6 verbose lifecycle baas@1.0.0~prestart: unsafe-perm in lifecycle true
7 verbose lifecycle baas@1.0.0~prestart: PATH: /Users/johan/.npm-packages/lib/node_modules/npm/bin/node-gyp-bin:/Users/johan/code/baas/node_modules/.bin:/usr/local/bin:/Users/johan/.npm-packages/bin:/usr/local/bin:/usr/bin:/bin:/usr/sbin:/sbin:/Users/johan/.npm-packages/bin
8 verbose lifecycle baas@1.0.0~prestart: CWD: /Users/johan/code/baas
9 silly lifecycle baas@1.0.0~prestart: Args: [ '-c', 'npm run build' ]
10 silly lifecycle baas@1.0.0~prestart: Returned: code: 0  signal: null
11 info lifecycle baas@1.0.0~start: baas@1.0.0
12 verbose lifecycle baas@1.0.0~start: unsafe-perm in lifecycle true
13 verbose lifecycle baas@1.0.0~start: PATH: /Users/johan/.npm-packages/lib/node_modules/npm/bin/node-gyp-bin:/Users/johan/code/baas/node_modules/.bin:/usr/local/bin:/Users/johan/.npm-packages/bin:/usr/local/bin:/usr/bin:/bin:/usr/sbin:/sbin:/Users/johan/.npm-packages/bin
14 verbose lifecycle baas@1.0.0~start: CWD: /Users/johan/code/baas
15 silly lifecycle baas@1.0.0~start: Args: [ '-c', 'node .' ]
16 silly lifecycle baas@1.0.0~start: Returned: code: 1  signal: null
17 info lifecycle baas@1.0.0~start: Failed to exec start script
18 verbose stack Error: baas@1.0.0 start: `node .`
18 verbose stack Exit status 1
18 verbose stack     at EventEmitter.<anonymous> (/Users/johan/.npm-packages/lib/node_modules/npm/lib/utils/lifecycle.js:239:16)
18 verbose stack     at emitTwo (events.js:126:13)
18 verbose stack     at EventEmitter.emit (events.js:214:7)
18 verbose stack     at ChildProcess.<anonymous> (/Users/johan/.npm-packages/lib/node_modules/npm/lib/utils/spawn.js:24:14)
18 verbose stack     at emitTwo (events.js:126:13)
18 verbose stack     at ChildProcess.emit (events.js:214:7)
18 verbose stack     at maybeClose (internal/child_process.js:915:16)
18 verbose stack     at Process.ChildProcess._handle.onexit (internal/child_process.js:209:5)
19 verbose pkgid baas@1.0.0
20 verbose cwd /Users/johan/code/baas
21 error Darwin 18.5.0
22 error argv "/usr/local/bin/node" "/Users/johan/.npm-packages/bin/npm" "start"
23 error node v8.12.0
24 error npm  v3.8.2
25 error code ELIFECYCLE
26 error baas@1.0.0 start: `node .`
26 error Exit status 1
27 error Failed at the baas@1.0.0 start script 'node .'.
27 error Make sure you have the latest version of node.js and npm installed.
27 error If you do, this is most likely a problem with the baas package,
27 error not with npm itself.
27 error Tell the author that this fails on your system:
27 error     node .
27 error You can get information on how to open an issue for this project with:
27 error     npm bugs baas
27 error Or if that isn't available, you can get their info via:
27 error     npm owner ls baas
27 error There is likely additional logging output above.
28 verbose exit [ 1, true ]
